# JRE version: OpenJDK Runtime Environment (8.0_152-b06) (build 1.8.0_152-release-1136-b06)
# Java VM: OpenJDK 64-Bit Server VM (25.152-b06 mixed mode windows-amd64 compressed oops)
Heap:
 PSYoungGen      total 295424K, used 61567K [0x00000000e0000000, 0x00000000f6900000, 0x0000000100000000)
  eden space 257024K, 16% used [0x00000000e0000000,0x00000000e283ec80,0x00000000efb00000)
  from space 38400K, 53% used [0x00000000efb00000,0x00000000f0ee1260,0x00000000f2080000)
  to   space 37376K, 0% used [0x00000000f4480000,0x00000000f4480000,0x00000000f6900000)
 ParOldGen       total 156160K, used 81602K [0x00000000a0000000, 0x00000000a9880000, 0x00000000e0000000)
  object space 156160K, 52% used [0x00000000a0000000,0x00000000a4fb09e0,0x00000000a9880000)
 Metaspace       used 90973K, capacity 95304K, committed 95488K, reserved 1132544K
  class space    used 11742K, capacity 12700K, committed 12800K, reserved 1048576K
GC Heap History (10 events):
Event: 29.095 GC heap before
{Heap before GC invocations=16 (full 3):
 PSYoungGen      total 236544K, used 236521K [0x00000000e0000000, 0x00000000f0a80000, 0x0000000100000000)
  eden space 212480K, 100% used [0x00000000e0000000,0x00000000ecf80000,0x00000000ecf80000)
  from space 24064K, 99% used [0x00000000eec80000,0x00000000f03fa750,0x00000000f0400000)
  to   space 29696K, 0% used [0x00000000ecf80000,0x00000000ecf80000,0x00000000eec80000)
 ParOldGen       total 156160K, used 46978K [0x00000000a0000000, 0x00000000a9880000, 0x00000000e0000000)
  object space 156160K, 30% used [0x00000000a0000000,0x00000000a2de0a00,0x00000000a9880000)
 Metaspace       used 72629K, capacity 75454K, committed 75648K, reserved 1114112K
  class space    used 9579K, capacity 10310K, committed 10368K, reserved 1048576K
Event: 29.114 GC heap after
Heap after GC invocations=16 (full 3):
 PSYoungGen      total 242176K, used 16538K [0x00000000e0000000, 0x00000000f2100000, 0x0000000100000000)
  eden space 212480K, 0% used [0x00000000e0000000,0x00000000e0000000,0x00000000ecf80000)
  from space 29696K, 55% used [0x00000000ecf80000,0x00000000edfa68d0,0x00000000eec80000)
  to   space 29184K, 0% used [0x00000000f0480000,0x00000000f0480000,0x00000000f2100000)
 ParOldGen       total 156160K, used 60850K [0x00000000a0000000, 0x00000000a9880000, 0x00000000e0000000)
  object space 156160K, 38% used [0x00000000a0000000,0x00000000a3b6cab0,0x00000000a9880000)
 Metaspace       used 72629K, capacity 75454K, committed 75648K, reserved 1114112K
  class space    used 9579K, capacity 10310K, committed 10368K, reserved 1048576K
}
Event: 38.079 GC heap before
{Heap before GC invocations=17 (full 3):
 PSYoungGen      total 242176K, used 229018K [0x00000000e0000000, 0x00000000f2100000, 0x0000000100000000)
  eden space 212480K, 100% used [0x00000000e0000000,0x00000000ecf80000,0x00000000ecf80000)
  from space 29696K, 55% used [0x00000000ecf80000,0x00000000edfa68d0,0x00000000eec80000)
  to   space 29184K, 0% used [0x00000000f0480000,0x00000000f0480000,0x00000000f2100000)
 ParOldGen       total 156160K, used 60850K [0x00000000a0000000, 0x00000000a9880000, 0x00000000e0000000)
  object space 156160K, 38% used [0x00000000a0000000,0x00000000a3b6cab0,0x00000000a9880000)
 Metaspace       used 79879K, capacity 82904K, committed 83200K, reserved 1122304K
  class space    used 10385K, capacity 11151K, committed 11264K, reserved 1048576K
Event: 38.101 GC heap after
Heap after GC invocations=17 (full 3):
 PSYoungGen      total 262656K, used 25279K [0x00000000e0000000, 0x00000000f2300000, 0x0000000100000000)
  eden space 233472K, 0% used [0x00000000e0000000,0x00000000e0000000,0x00000000ee400000)
  from space 29184K, 86% used [0x00000000f0480000,0x00000000f1d2fcf0,0x00000000f2100000)
  to   space 32256K, 0% used [0x00000000ee400000,0x00000000ee400000,0x00000000f0380000)
 ParOldGen       total 156160K, used 60866K [0x00000000a0000000, 0x00000000a9880000, 0x00000000e0000000)
  object space 156160K, 38% used [0x00000000a0000000,0x00000000a3b70ab0,0x00000000a9880000)
 Metaspace       used 79879K, capacity 82904K, committed 83200K, reserved 1122304K
  class space    used 10385K, capacity 11151K, committed 11264K, reserved 1048576K
}
Event: 43.402 GC heap before
{Heap before GC invocations=18 (full 3):
 PSYoungGen      total 262656K, used 258751K [0x00000000e0000000, 0x00000000f2300000, 0x0000000100000000)
  eden space 233472K, 100% used [0x00000000e0000000,0x00000000ee400000,0x00000000ee400000)
  from space 29184K, 86% used [0x00000000f0480000,0x00000000f1d2fcf0,0x00000000f2100000)
  to   space 32256K, 0% used [0x00000000ee400000,0x00000000ee400000,0x00000000f0380000)
 ParOldGen       total 156160K, used 60866K [0x00000000a0000000, 0x00000000a9880000, 0x00000000e0000000)
  object space 156160K, 38% used [0x00000000a0000000,0x00000000a3b70ab0,0x00000000a9880000)
 Metaspace       used 87971K, capacity 91936K, committed 92032K, reserved 1128448K
  class space    used 11468K, capacity 12384K, committed 12416K, reserved 1048576K
Event: 43.436 GC heap after
Heap after GC invocations=18 (full 3):
 PSYoungGen      total 265728K, used 32238K [0x00000000e0000000, 0x00000000f4700000, 0x0000000100000000)
  eden space 233472K, 0% used [0x00000000e0000000,0x00000000e0000000,0x00000000ee400000)
  from space 32256K, 99% used [0x00000000ee400000,0x00000000f037bbc0,0x00000000f0380000)
  to   space 39424K, 0% used [0x00000000f2080000,0x00000000f2080000,0x00000000f4700000)
 ParOldGen       total 156160K, used 67989K [0x00000000a0000000, 0x00000000a9880000, 0x00000000e0000000)
  object space 156160K, 43% used [0x00000000a0000000,0x00000000a4265778,0x00000000a9880000)
 Metaspace       used 87971K, capacity 91936K, committed 92032K, reserved 1128448K
  class space    used 11468K, capacity 12384K, committed 12416K, reserved 1048576K
}
Event: 44.089 GC heap before
{Heap before GC invocations=19 (full 3):
 PSYoungGen      total 265728K, used 265710K [0x00000000e0000000, 0x00000000f4700000, 0x0000000100000000)
  eden space 233472K, 100% used [0x00000000e0000000,0x00000000ee400000,0x00000000ee400000)
  from space 32256K, 99% used [0x00000000ee400000,0x00000000f037bbc0,0x00000000f0380000)
  to   space 39424K, 0% used [0x00000000f2080000,0x00000000f2080000,0x00000000f4700000)
 ParOldGen       total 156160K, used 67989K [0x00000000a0000000, 0x00000000a9880000, 0x00000000e0000000)
  object space 156160K, 43% used [0x00000000a0000000,0x00000000a4265778,0x00000000a9880000)
 Metaspace       used 90100K, capacity 94256K, committed 94336K, reserved 1130496K
  class space    used 11675K, capacity 12610K, committed 12672K, reserved 1048576K
Event: 44.117 GC heap after
Heap after GC invocations=19 (full 3):
 PSYoungGen      total 296448K, used 21124K [0x00000000e0000000, 0x00000000f5600000, 0x0000000100000000)
  eden space 257024K, 0% used [0x00000000e0000000,0x00000000e0000000,0x00000000efb00000)
  from space 39424K, 53% used [0x00000000f2080000,0x00000000f3521120,0x00000000f4700000)
  to   space 38400K, 0% used [0x00000000efb00000,0x00000000efb00000,0x00000000f2080000)
 ParOldGen       total 156160K, used 81594K [0x00000000a0000000, 0x00000000a9880000, 0x00000000e0000000)
  object space 156160K, 52% used [0x00000000a0000000,0x00000000a4fae9e0,0x00000000a9880000)
 Metaspace       used 90100K, capacity 94256K, committed 94336K, reserved 1130496K
  class space    used 11675K, capacity 12610K, committed 12672K, reserved 1048576K
}
Event: 44.615 GC heap before
{Heap before GC invocations=20 (full 3):
 PSYoungGen      total 296448K, used 278148K [0x00000000e0000000, 0x00000000f5600000, 0x0000000100000000)
  eden space 257024K, 100% used [0x00000000e0000000,0x00000000efb00000,0x00000000efb00000)
  from space 39424K, 53% used [0x00000000f2080000,0x00000000f3521120,0x00000000f4700000)
  to   space 38400K, 0% used [0x00000000efb00000,0x00000000efb00000,0x00000000f2080000)
 ParOldGen       total 156160K, used 81594K [0x00000000a0000000, 0x00000000a9880000, 0x00000000e0000000)
  object space 156160K, 52% used [0x00000000a0000000,0x00000000a4fae9e0,0x00000000a9880000)
 Metaspace       used 90971K, capacity 95304K, committed 95488K, reserved 1132544K
  class space    used 11742K, capacity 12700K, committed 12800K, reserved 1048576K
Event: 44.640 GC heap after
Heap after GC invocations=20 (full 3):
 PSYoungGen      total 295424K, used 20356K [0x00000000e0000000, 0x00000000f6900000, 0x0000000100000000)
  eden space 257024K, 0% used [0x00000000e0000000,0x00000000e0000000,0x00000000efb00000)
  from space 38400K, 53% used [0x00000000efb00000,0x00000000f0ee1260,0x00000000f2080000)
  to   space 37376K, 0% used [0x00000000f4480000,0x00000000f4480000,0x00000000f6900000)
 ParOldGen       total 156160K, used 81602K [0x00000000a0000000, 0x00000000a9880000, 0x00000000e0000000)
  object space 156160K, 52% used [0x00000000a0000000,0x00000000a4fb09e0,0x00000000a9880000)
 Metaspace       used 90971K, capacity 95304K, committed 95488K, reserved 1132544K
  class space    used 11742K, capacity 12700K, committed 12800K, reserved 1048576K
}

