# JRE version: OpenJDK Runtime Environment (8.0_152-b06) (build 1.8.0_152-release-1136-b06)
# Java VM: OpenJDK 64-Bit Server VM (25.152-b06 mixed mode windows-amd64 compressed oops)
Heap:
 PSYoungGen      total 255488K, used 128758K [0x00000000e0000000, 0x00000000f4400000, 0x0000000100000000)
  eden space 186880K, 42% used [0x00000000e0000000,0x00000000e4dc4118,0x00000000eb680000)
  from space 68608K, 71% used [0x00000000efc80000,0x00000000f2c79878,0x00000000f3f80000)
  to   space 71680K, 0% used [0x00000000eb680000,0x00000000eb680000,0x00000000efc80000)
 ParOldGen       total 216064K, used 65298K [0x00000000a0000000, 0x00000000ad300000, 0x00000000e0000000)
  object space 216064K, 30% used [0x00000000a0000000,0x00000000a3fc4a38,0x00000000ad300000)
 Metaspace       used 113377K, capacity 119658K, committed 119896K, reserved 1153024K
  class space    used 14459K, capacity 15729K, committed 15744K, reserved 1048576K
GC Heap History (10 events):
Event: 3539.697 GC heap before
{Heap before GC invocations=34 (full 4):
 PSYoungGen      total 189952K, used 184003K [0x00000000e0000000, 0x00000000ef680000, 0x0000000100000000)
  eden space 145920K, 100% used [0x00000000e0000000,0x00000000e8e80000,0x00000000e8e80000)
  from space 44032K, 86% used [0x00000000e8e80000,0x00000000eb3b0d98,0x00000000eb980000)
  to   space 48640K, 0% used [0x00000000ec700000,0x00000000ec700000,0x00000000ef680000)
 ParOldGen       total 216064K, used 65258K [0x00000000a0000000, 0x00000000ad300000, 0x00000000e0000000)
  object space 216064K, 30% used [0x00000000a0000000,0x00000000a3fbaa38,0x00000000ad300000)
 Metaspace       used 111673K, capacity 117746K, committed 117976K, reserved 1150976K
  class space    used 14279K, capacity 15510K, committed 15616K, reserved 1048576K
Event: 3539.736 GC heap after
Heap after GC invocations=34 (full 4):
 PSYoungGen      total 198656K, used 43271K [0x00000000e0000000, 0x00000000f0080000, 0x0000000100000000)
  eden space 150016K, 0% used [0x00000000e0000000,0x00000000e0000000,0x00000000e9280000)
  from space 48640K, 88% used [0x00000000ec700000,0x00000000ef141c80,0x00000000ef680000)
  to   space 53760K, 0% used [0x00000000e9280000,0x00000000e9280000,0x00000000ec700000)
 ParOldGen       total 216064K, used 65266K [0x00000000a0000000, 0x00000000ad300000, 0x00000000e0000000)
  object space 216064K, 30% used [0x00000000a0000000,0x00000000a3fbca38,0x00000000ad300000)
 Metaspace       used 111673K, capacity 117746K, committed 117976K, reserved 1150976K
  class space    used 14279K, capacity 15510K, committed 15616K, reserved 1048576K
}
Event: 3543.450 GC heap before
{Heap before GC invocations=35 (full 4):
 PSYoungGen      total 198656K, used 193095K [0x00000000e0000000, 0x00000000f0080000, 0x0000000100000000)
  eden space 150016K, 99% used [0x00000000e0000000,0x00000000e92501b0,0x00000000e9280000)
  from space 48640K, 88% used [0x00000000ec700000,0x00000000ef141c80,0x00000000ef680000)
  to   space 53760K, 0% used [0x00000000e9280000,0x00000000e9280000,0x00000000ec700000)
 ParOldGen       total 216064K, used 65266K [0x00000000a0000000, 0x00000000ad300000, 0x00000000e0000000)
  object space 216064K, 30% used [0x00000000a0000000,0x00000000a3fbca38,0x00000000ad300000)
 Metaspace       used 112094K, capacity 118098K, committed 118232K, reserved 1153024K
  class space    used 14319K, capacity 15558K, committed 15616K, reserved 1048576K
Event: 3543.482 GC heap after
Heap after GC invocations=35 (full 4):
 PSYoungGen      total 203776K, used 49449K [0x00000000e0000000, 0x00000000f1380000, 0x0000000100000000)
  eden space 150016K, 0% used [0x00000000e0000000,0x00000000e0000000,0x00000000e9280000)
  from space 53760K, 91% used [0x00000000e9280000,0x00000000ec2ca690,0x00000000ec700000)
  to   space 60416K, 0% used [0x00000000ed880000,0x00000000ed880000,0x00000000f1380000)
 ParOldGen       total 216064K, used 65274K [0x00000000a0000000, 0x00000000ad300000, 0x00000000e0000000)
  object space 216064K, 30% used [0x00000000a0000000,0x00000000a3fbea38,0x00000000ad300000)
 Metaspace       used 112094K, capacity 118098K, committed 118232K, reserved 1153024K
  class space    used 14319K, capacity 15558K, committed 15616K, reserved 1048576K
}
Event: 3543.507 GC heap before
{Heap before GC invocations=36 (full 4):
 PSYoungGen      total 203776K, used 198677K [0x00000000e0000000, 0x00000000f1380000, 0x0000000100000000)
  eden space 150016K, 99% used [0x00000000e0000000,0x00000000e91bb010,0x00000000e9280000)
  from space 53760K, 91% used [0x00000000e9280000,0x00000000ec2ca690,0x00000000ec700000)
  to   space 60416K, 0% used [0x00000000ed880000,0x00000000ed880000,0x00000000f1380000)
 ParOldGen       total 216064K, used 65274K [0x00000000a0000000, 0x00000000ad300000, 0x00000000e0000000)
  object space 216064K, 30% used [0x00000000a0000000,0x00000000a3fbea38,0x00000000ad300000)
 Metaspace       used 112100K, capacity 118098K, committed 118232K, reserved 1153024K
  class space    used 14319K, capacity 15558K, committed 15616K, reserved 1048576K
Event: 3543.533 GC heap after
Heap after GC invocations=36 (full 4):
 PSYoungGen      total 217088K, used 47312K [0x00000000e0000000, 0x00000000f3880000, 0x0000000100000000)
  eden space 156672K, 0% used [0x00000000e0000000,0x00000000e0000000,0x00000000e9900000)
  from space 60416K, 78% used [0x00000000ed880000,0x00000000f06b4278,0x00000000f1380000)
  to   space 65024K, 0% used [0x00000000e9900000,0x00000000e9900000,0x00000000ed880000)
 ParOldGen       total 216064K, used 65282K [0x00000000a0000000, 0x00000000ad300000, 0x00000000e0000000)
  object space 216064K, 30% used [0x00000000a0000000,0x00000000a3fc0a38,0x00000000ad300000)
 Metaspace       used 112100K, capacity 118098K, committed 118232K, reserved 1153024K
  class space    used 14319K, capacity 15558K, committed 15616K, reserved 1048576K
}
Event: 3550.291 GC heap before
{Heap before GC invocations=37 (full 4):
 PSYoungGen      total 217088K, used 203984K [0x00000000e0000000, 0x00000000f3880000, 0x0000000100000000)
  eden space 156672K, 100% used [0x00000000e0000000,0x00000000e9900000,0x00000000e9900000)
  from space 60416K, 78% used [0x00000000ed880000,0x00000000f06b4278,0x00000000f1380000)
  to   space 65024K, 0% used [0x00000000e9900000,0x00000000e9900000,0x00000000ed880000)
 ParOldGen       total 216064K, used 65282K [0x00000000a0000000, 0x00000000ad300000, 0x00000000e0000000)
  object space 216064K, 30% used [0x00000000a0000000,0x00000000a3fc0a38,0x00000000ad300000)
 Metaspace       used 112429K, capacity 118580K, committed 118872K, reserved 1153024K
  class space    used 14372K, capacity 15629K, committed 15744K, reserved 1048576K
Event: 3550.317 GC heap after
Heap after GC invocations=37 (full 4):
 PSYoungGen      total 221696K, used 48465K [0x00000000e0000000, 0x00000000f3f80000, 0x0000000100000000)
  eden space 156672K, 0% used [0x00000000e0000000,0x00000000e0000000,0x00000000e9900000)
  from space 65024K, 74% used [0x00000000e9900000,0x00000000ec854668,0x00000000ed880000)
  to   space 68608K, 0% used [0x00000000efc80000,0x00000000efc80000,0x00000000f3f80000)
 ParOldGen       total 216064K, used 65290K [0x00000000a0000000, 0x00000000ad300000, 0x00000000e0000000)
  object space 216064K, 30% used [0x00000000a0000000,0x00000000a3fc2a38,0x00000000ad300000)
 Metaspace       used 112429K, capacity 118580K, committed 118872K, reserved 1153024K
  class space    used 14372K, capacity 15629K, committed 15744K, reserved 1048576K
}
Event: 3556.046 GC heap before
{Heap before GC invocations=38 (full 4):
 PSYoungGen      total 221696K, used 205137K [0x00000000e0000000, 0x00000000f3f80000, 0x0000000100000000)
  eden space 156672K, 100% used [0x00000000e0000000,0x00000000e9900000,0x00000000e9900000)
  from space 65024K, 74% used [0x00000000e9900000,0x00000000ec854668,0x00000000ed880000)
  to   space 68608K, 0% used [0x00000000efc80000,0x00000000efc80000,0x00000000f3f80000)
 ParOldGen       total 216064K, used 65290K [0x00000000a0000000, 0x00000000ad300000, 0x00000000e0000000)
  object space 216064K, 30% used [0x00000000a0000000,0x00000000a3fc2a38,0x00000000ad300000)
 Metaspace       used 112678K, capacity 118868K, committed 119128K, reserved 1153024K
  class space    used 14396K, capacity 15672K, committed 15744K, reserved 1048576K
Event: 3556.074 GC heap after
Heap after GC invocations=38 (full 4):
 PSYoungGen      total 255488K, used 49126K [0x00000000e0000000, 0x00000000f4400000, 0x0000000100000000)
  eden space 186880K, 0% used [0x00000000e0000000,0x00000000e0000000,0x00000000eb680000)
  from space 68608K, 71% used [0x00000000efc80000,0x00000000f2c79878,0x00000000f3f80000)
  to   space 71680K, 0% used [0x00000000eb680000,0x00000000eb680000,0x00000000efc80000)
 ParOldGen       total 216064K, used 65298K [0x00000000a0000000, 0x00000000ad300000, 0x00000000e0000000)
  object space 216064K, 30% used [0x00000000a0000000,0x00000000a3fc4a38,0x00000000ad300000)
 Metaspace       used 112678K, capacity 118868K, committed 119128K, reserved 1153024K
  class space    used 14396K, capacity 15672K, committed 15744K, reserved 1048576K
}

