# JRE version: OpenJDK Runtime Environment (8.0_152-b06) (build 1.8.0_152-release-1136-b06)
# Java VM: OpenJDK 64-Bit Server VM (25.152-b06 mixed mode windows-amd64 compressed oops)
Heap:
 PSYoungGen      total 399360K, used 20554K [0x00000000e0000000, 0x00000000f9c80000, 0x0000000100000000)
  eden space 376320K, 4% used [0x00000000e0000000,0x00000000e0fa2d80,0x00000000f6f80000)
  from space 23040K, 19% used [0x00000000f6f80000,0x00000000f73efc60,0x00000000f8600000)
  to   space 20480K, 0% used [0x00000000f8880000,0x00000000f8880000,0x00000000f9c80000)
 ParOldGen       total 161792K, used 45069K [0x00000000a0000000, 0x00000000a9e00000, 0x00000000e0000000)
  object space 161792K, 27% used [0x00000000a0000000,0x00000000a2c036d8,0x00000000a9e00000)
 Metaspace       used 68699K, capacity 71982K, committed 72192K, reserved 1112064K
  class space    used 9190K, capacity 9866K, committed 9984K, reserved 1048576K
GC Heap History (10 events):
Event: 14.949 GC heap before
{Heap before GC invocations=20 (full 3):
 PSYoungGen      total 337408K, used 324502K [0x00000000e0000000, 0x00000000f6180000, 0x0000000100000000)
  eden space 313856K, 100% used [0x00000000e0000000,0x00000000f3280000,0x00000000f3280000)
  from space 23552K, 45% used [0x00000000f4900000,0x00000000f5365b40,0x00000000f6000000)
  to   space 23040K, 0% used [0x00000000f3280000,0x00000000f3280000,0x00000000f4900000)
 ParOldGen       total 161792K, used 38353K [0x00000000a0000000, 0x00000000a9e00000, 0x00000000e0000000)
  object space 161792K, 23% used [0x00000000a0000000,0x00000000a2574448,0x00000000a9e00000)
 Metaspace       used 68410K, capacity 71708K, committed 71936K, reserved 1112064K
  class space    used 9187K, capacity 9863K, committed 9984K, reserved 1048576K
Event: 14.964 GC heap after
Heap after GC invocations=20 (full 3):
 PSYoungGen      total 336896K, used 6655K [0x00000000e0000000, 0x00000000f9f00000, 0x0000000100000000)
  eden space 313856K, 0% used [0x00000000e0000000,0x00000000e0000000,0x00000000f3280000)
  from space 23040K, 28% used [0x00000000f3280000,0x00000000f38ffec8,0x00000000f4900000)
  to   space 23040K, 0% used [0x00000000f8880000,0x00000000f8880000,0x00000000f9f00000)
 ParOldGen       total 161792K, used 44829K [0x00000000a0000000, 0x00000000a9e00000, 0x00000000e0000000)
  object space 161792K, 27% used [0x00000000a0000000,0x00000000a2bc76d8,0x00000000a9e00000)
 Metaspace       used 68410K, capacity 71708K, committed 71936K, reserved 1112064K
  class space    used 9187K, capacity 9863K, committed 9984K, reserved 1048576K
}
Event: 15.317 GC heap before
{Heap before GC invocations=21 (full 3):
 PSYoungGen      total 336896K, used 320511K [0x00000000e0000000, 0x00000000f9f00000, 0x0000000100000000)
  eden space 313856K, 100% used [0x00000000e0000000,0x00000000f3280000,0x00000000f3280000)
  from space 23040K, 28% used [0x00000000f3280000,0x00000000f38ffec8,0x00000000f4900000)
  to   space 23040K, 0% used [0x00000000f8880000,0x00000000f8880000,0x00000000f9f00000)
 ParOldGen       total 161792K, used 44829K [0x00000000a0000000, 0x00000000a9e00000, 0x00000000e0000000)
  object space 161792K, 27% used [0x00000000a0000000,0x00000000a2bc76d8,0x00000000a9e00000)
 Metaspace       used 68469K, capacity 71710K, committed 71936K, reserved 1112064K
  class space    used 9189K, capacity 9864K, committed 9984K, reserved 1048576K
Event: 15.324 GC heap after
Heap after GC invocations=21 (full 3):
 PSYoungGen      total 396800K, used 4725K [0x00000000e0000000, 0x00000000f9c80000, 0x0000000100000000)
  eden space 376320K, 0% used [0x00000000e0000000,0x00000000e0000000,0x00000000f6f80000)
  from space 20480K, 23% used [0x00000000f8880000,0x00000000f8d1d538,0x00000000f9c80000)
  to   space 23040K, 0% used [0x00000000f6f80000,0x00000000f6f80000,0x00000000f8600000)
 ParOldGen       total 161792K, used 45037K [0x00000000a0000000, 0x00000000a9e00000, 0x00000000e0000000)
  object space 161792K, 27% used [0x00000000a0000000,0x00000000a2bfb6d8,0x00000000a9e00000)
 Metaspace       used 68469K, capacity 71710K, committed 71936K, reserved 1112064K
  class space    used 9189K, capacity 9864K, committed 9984K, reserved 1048576K
}
Event: 15.921 GC heap before
{Heap before GC invocations=22 (full 3):
 PSYoungGen      total 396800K, used 381045K [0x00000000e0000000, 0x00000000f9c80000, 0x0000000100000000)
  eden space 376320K, 100% used [0x00000000e0000000,0x00000000f6f80000,0x00000000f6f80000)
  from space 20480K, 23% used [0x00000000f8880000,0x00000000f8d1d538,0x00000000f9c80000)
  to   space 23040K, 0% used [0x00000000f6f80000,0x00000000f6f80000,0x00000000f8600000)
 ParOldGen       total 161792K, used 45037K [0x00000000a0000000, 0x00000000a9e00000, 0x00000000e0000000)
  object space 161792K, 27% used [0x00000000a0000000,0x00000000a2bfb6d8,0x00000000a9e00000)
 Metaspace       used 68539K, capacity 71844K, committed 72192K, reserved 1112064K
  class space    used 9190K, capacity 9865K, committed 9984K, reserved 1048576K
Event: 15.929 GC heap after
Heap after GC invocations=22 (full 3):
 PSYoungGen      total 399360K, used 3555K [0x00000000e0000000, 0x00000000f9c80000, 0x0000000100000000)
  eden space 376320K, 0% used [0x00000000e0000000,0x00000000e0000000,0x00000000f6f80000)
  from space 23040K, 15% used [0x00000000f6f80000,0x00000000f72f8f40,0x00000000f8600000)
  to   space 20480K, 0% used [0x00000000f8880000,0x00000000f8880000,0x00000000f9c80000)
 ParOldGen       total 161792K, used 45053K [0x00000000a0000000, 0x00000000a9e00000, 0x00000000e0000000)
  object space 161792K, 27% used [0x00000000a0000000,0x00000000a2bff6d8,0x00000000a9e00000)
 Metaspace       used 68539K, capacity 71844K, committed 72192K, reserved 1112064K
  class space    used 9190K, capacity 9865K, committed 9984K, reserved 1048576K
}
Event: 16.596 GC heap before
{Heap before GC invocations=23 (full 3):
 PSYoungGen      total 399360K, used 379875K [0x00000000e0000000, 0x00000000f9c80000, 0x0000000100000000)
  eden space 376320K, 100% used [0x00000000e0000000,0x00000000f6f80000,0x00000000f6f80000)
  from space 23040K, 15% used [0x00000000f6f80000,0x00000000f72f8f40,0x00000000f8600000)
  to   space 20480K, 0% used [0x00000000f8880000,0x00000000f8880000,0x00000000f9c80000)
 ParOldGen       total 161792K, used 45053K [0x00000000a0000000, 0x00000000a9e00000, 0x00000000e0000000)
  object space 161792K, 27% used [0x00000000a0000000,0x00000000a2bff6d8,0x00000000a9e00000)
 Metaspace       used 68595K, capacity 71850K, committed 72192K, reserved 1112064K
  class space    used 9190K, capacity 9866K, committed 9984K, reserved 1048576K
Event: 16.609 GC heap after
Heap after GC invocations=23 (full 3):
 PSYoungGen      total 396800K, used 5505K [0x00000000e0000000, 0x00000000f9c80000, 0x0000000100000000)
  eden space 376320K, 0% used [0x00000000e0000000,0x00000000e0000000,0x00000000f6f80000)
  from space 20480K, 26% used [0x00000000f8880000,0x00000000f8de0560,0x00000000f9c80000)
  to   space 23040K, 0% used [0x00000000f6f80000,0x00000000f6f80000,0x00000000f8600000)
 ParOldGen       total 161792K, used 45061K [0x00000000a0000000, 0x00000000a9e00000, 0x00000000e0000000)
  object space 161792K, 27% used [0x00000000a0000000,0x00000000a2c016d8,0x00000000a9e00000)
 Metaspace       used 68595K, capacity 71850K, committed 72192K, reserved 1112064K
  class space    used 9190K, capacity 9866K, committed 9984K, reserved 1048576K
}
Event: 17.291 GC heap before
{Heap before GC invocations=24 (full 3):
 PSYoungGen      total 396800K, used 381825K [0x00000000e0000000, 0x00000000f9c80000, 0x0000000100000000)
  eden space 376320K, 100% used [0x00000000e0000000,0x00000000f6f80000,0x00000000f6f80000)
  from space 20480K, 26% used [0x00000000f8880000,0x00000000f8de0560,0x00000000f9c80000)
  to   space 23040K, 0% used [0x00000000f6f80000,0x00000000f6f80000,0x00000000f8600000)
 ParOldGen       total 161792K, used 45061K [0x00000000a0000000, 0x00000000a9e00000, 0x00000000e0000000)
  object space 161792K, 27% used [0x00000000a0000000,0x00000000a2c016d8,0x00000000a9e00000)
 Metaspace       used 68669K, capacity 71918K, committed 72192K, reserved 1112064K
  class space    used 9190K, capacity 9866K, committed 9984K, reserved 1048576K
Event: 17.305 GC heap after
Heap after GC invocations=24 (full 3):
 PSYoungGen      total 399360K, used 4543K [0x00000000e0000000, 0x00000000f9c80000, 0x0000000100000000)
  eden space 376320K, 0% used [0x00000000e0000000,0x00000000e0000000,0x00000000f6f80000)
  from space 23040K, 19% used [0x00000000f6f80000,0x00000000f73efc60,0x00000000f8600000)
  to   space 20480K, 0% used [0x00000000f8880000,0x00000000f8880000,0x00000000f9c80000)
 ParOldGen       total 161792K, used 45069K [0x00000000a0000000, 0x00000000a9e00000, 0x00000000e0000000)
  object space 161792K, 27% used [0x00000000a0000000,0x00000000a2c036d8,0x00000000a9e00000)
 Metaspace       used 68669K, capacity 71918K, committed 72192K, reserved 1112064K
  class space    used 9190K, capacity 9866K, committed 9984K, reserved 1048576K
}

