# JRE version: OpenJDK Runtime Environment (8.0_152-b06) (build 1.8.0_152-release-1136-b06)
# Java VM: OpenJDK 64-Bit Server VM (25.152-b06 mixed mode windows-amd64 compressed oops)
Heap:
 PSYoungGen      total 332288K, used 39347K [0x00000000e0000000, 0x00000000fb380000, 0x0000000100000000)
  eden space 309760K, 9% used [0x00000000e0000000,0x00000000e1c4aea0,0x00000000f2e80000)
  from space 22528K, 46% used [0x00000000f2e80000,0x00000000f38a1df8,0x00000000f4480000)
  to   space 22016K, 0% used [0x00000000f9e00000,0x00000000f9e00000,0x00000000fb380000)
 ParOldGen       total 151552K, used 39195K [0x00000000a0000000, 0x00000000a9400000, 0x00000000e0000000)
  object space 151552K, 25% used [0x00000000a0000000,0x00000000a2646ed8,0x00000000a9400000)
 Metaspace       used 68240K, capacity 71334K, committed 71512K, reserved 1112064K
  class space    used 9155K, capacity 9808K, committed 9856K, reserved 1048576K
GC Heap History (10 events):
Event: 11.055 GC heap before
{Heap before GC invocations=14 (full 3):
 PSYoungGen      total 218624K, used 197120K [0x00000000e0000000, 0x00000000eea80000, 0x0000000100000000)
  eden space 197120K, 100% used [0x00000000e0000000,0x00000000ec080000,0x00000000ec080000)
  from space 21504K, 0% used [0x00000000ed580000,0x00000000ed580000,0x00000000eea80000)
  to   space 21504K, 0% used [0x00000000ec080000,0x00000000ec080000,0x00000000ed580000)
 ParOldGen       total 151552K, used 39155K [0x00000000a0000000, 0x00000000a9400000, 0x00000000e0000000)
  object space 151552K, 25% used [0x00000000a0000000,0x00000000a263ced8,0x00000000a9400000)
 Metaspace       used 65676K, capacity 68388K, committed 68696K, reserved 1107968K
  class space    used 8931K, capacity 9521K, committed 9600K, reserved 1048576K
Event: 11.076 GC heap after
Heap after GC invocations=14 (full 3):
 PSYoungGen      total 218624K, used 19836K [0x00000000e0000000, 0x00000000f1900000, 0x0000000100000000)
  eden space 197120K, 0% used [0x00000000e0000000,0x00000000e0000000,0x00000000ec080000)
  from space 21504K, 92% used [0x00000000ec080000,0x00000000ed3df148,0x00000000ed580000)
  to   space 23552K, 0% used [0x00000000f0200000,0x00000000f0200000,0x00000000f1900000)
 ParOldGen       total 151552K, used 39163K [0x00000000a0000000, 0x00000000a9400000, 0x00000000e0000000)
  object space 151552K, 25% used [0x00000000a0000000,0x00000000a263eed8,0x00000000a9400000)
 Metaspace       used 65676K, capacity 68388K, committed 68696K, reserved 1107968K
  class space    used 8931K, capacity 9521K, committed 9600K, reserved 1048576K
}
Event: 11.679 GC heap before
{Heap before GC invocations=15 (full 3):
 PSYoungGen      total 218624K, used 216956K [0x00000000e0000000, 0x00000000f1900000, 0x0000000100000000)
  eden space 197120K, 100% used [0x00000000e0000000,0x00000000ec080000,0x00000000ec080000)
  from space 21504K, 92% used [0x00000000ec080000,0x00000000ed3df148,0x00000000ed580000)
  to   space 23552K, 0% used [0x00000000f0200000,0x00000000f0200000,0x00000000f1900000)
 ParOldGen       total 151552K, used 39163K [0x00000000a0000000, 0x00000000a9400000, 0x00000000e0000000)
  object space 151552K, 25% used [0x00000000a0000000,0x00000000a263eed8,0x00000000a9400000)
 Metaspace       used 66891K, capacity 69692K, committed 69848K, reserved 1110016K
  class space    used 9060K, capacity 9677K, committed 9728K, reserved 1048576K
Event: 11.699 GC heap after
Heap after GC invocations=15 (full 3):
 PSYoungGen      total 264192K, used 14810K [0x00000000e0000000, 0x00000000f1f00000, 0x0000000100000000)
  eden space 240640K, 0% used [0x00000000e0000000,0x00000000e0000000,0x00000000eeb00000)
  from space 23552K, 62% used [0x00000000f0200000,0x00000000f1076950,0x00000000f1900000)
  to   space 23552K, 0% used [0x00000000eeb00000,0x00000000eeb00000,0x00000000f0200000)
 ParOldGen       total 151552K, used 39171K [0x00000000a0000000, 0x00000000a9400000, 0x00000000e0000000)
  object space 151552K, 25% used [0x00000000a0000000,0x00000000a2640ed8,0x00000000a9400000)
 Metaspace       used 66891K, capacity 69692K, committed 69848K, reserved 1110016K
  class space    used 9060K, capacity 9677K, committed 9728K, reserved 1048576K
}
Event: 12.261 GC heap before
{Heap before GC invocations=16 (full 3):
 PSYoungGen      total 264192K, used 255450K [0x00000000e0000000, 0x00000000f1f00000, 0x0000000100000000)
  eden space 240640K, 100% used [0x00000000e0000000,0x00000000eeb00000,0x00000000eeb00000)
  from space 23552K, 62% used [0x00000000f0200000,0x00000000f1076950,0x00000000f1900000)
  to   space 23552K, 0% used [0x00000000eeb00000,0x00000000eeb00000,0x00000000f0200000)
 ParOldGen       total 151552K, used 39171K [0x00000000a0000000, 0x00000000a9400000, 0x00000000e0000000)
  object space 151552K, 25% used [0x00000000a0000000,0x00000000a2640ed8,0x00000000a9400000)
 Metaspace       used 67913K, capacity 71054K, committed 71256K, reserved 1110016K
  class space    used 9147K, capacity 9808K, committed 9856K, reserved 1048576K
Event: 12.283 GC heap after
Heap after GC invocations=16 (full 3):
 PSYoungGen      total 264192K, used 14069K [0x00000000e0000000, 0x00000000f5b80000, 0x0000000100000000)
  eden space 240640K, 0% used [0x00000000e0000000,0x00000000e0000000,0x00000000eeb00000)
  from space 23552K, 59% used [0x00000000eeb00000,0x00000000ef8bd5b0,0x00000000f0200000)
  to   space 23552K, 0% used [0x00000000f4480000,0x00000000f4480000,0x00000000f5b80000)
 ParOldGen       total 151552K, used 39179K [0x00000000a0000000, 0x00000000a9400000, 0x00000000e0000000)
  object space 151552K, 25% used [0x00000000a0000000,0x00000000a2642ed8,0x00000000a9400000)
 Metaspace       used 67913K, capacity 71054K, committed 71256K, reserved 1110016K
  class space    used 9147K, capacity 9808K, committed 9856K, reserved 1048576K
}
Event: 12.745 GC heap before
{Heap before GC invocations=17 (full 3):
 PSYoungGen      total 264192K, used 254709K [0x00000000e0000000, 0x00000000f5b80000, 0x0000000100000000)
  eden space 240640K, 100% used [0x00000000e0000000,0x00000000eeb00000,0x00000000eeb00000)
  from space 23552K, 59% used [0x00000000eeb00000,0x00000000ef8bd5b0,0x00000000f0200000)
  to   space 23552K, 0% used [0x00000000f4480000,0x00000000f4480000,0x00000000f5b80000)
 ParOldGen       total 151552K, used 39179K [0x00000000a0000000, 0x00000000a9400000, 0x00000000e0000000)
  object space 151552K, 25% used [0x00000000a0000000,0x00000000a2642ed8,0x00000000a9400000)
 Metaspace       used 68120K, capacity 71254K, committed 71512K, reserved 1112064K
  class space    used 9155K, capacity 9808K, committed 9856K, reserved 1048576K
Event: 12.762 GC heap after
Heap after GC invocations=17 (full 3):
 PSYoungGen      total 333312K, used 12846K [0x00000000e0000000, 0x00000000f5d00000, 0x0000000100000000)
  eden space 309760K, 0% used [0x00000000e0000000,0x00000000e0000000,0x00000000f2e80000)
  from space 23552K, 54% used [0x00000000f4480000,0x00000000f510bb20,0x00000000f5b80000)
  to   space 22528K, 0% used [0x00000000f2e80000,0x00000000f2e80000,0x00000000f4480000)
 ParOldGen       total 151552K, used 39187K [0x00000000a0000000, 0x00000000a9400000, 0x00000000e0000000)
  object space 151552K, 25% used [0x00000000a0000000,0x00000000a2644ed8,0x00000000a9400000)
 Metaspace       used 68120K, capacity 71254K, committed 71512K, reserved 1112064K
  class space    used 9155K, capacity 9808K, committed 9856K, reserved 1048576K
}
Event: 13.344 GC heap before
{Heap before GC invocations=18 (full 3):
 PSYoungGen      total 333312K, used 322606K [0x00000000e0000000, 0x00000000f5d00000, 0x0000000100000000)
  eden space 309760K, 100% used [0x00000000e0000000,0x00000000f2e80000,0x00000000f2e80000)
  from space 23552K, 54% used [0x00000000f4480000,0x00000000f510bb20,0x00000000f5b80000)
  to   space 22528K, 0% used [0x00000000f2e80000,0x00000000f2e80000,0x00000000f4480000)
 ParOldGen       total 151552K, used 39187K [0x00000000a0000000, 0x00000000a9400000, 0x00000000e0000000)
  object space 151552K, 25% used [0x00000000a0000000,0x00000000a2644ed8,0x00000000a9400000)
 Metaspace       used 68235K, capacity 71330K, committed 71512K, reserved 1112064K
  class space    used 9155K, capacity 9808K, committed 9856K, reserved 1048576K
Event: 13.361 GC heap after
Heap after GC invocations=18 (full 3):
 PSYoungGen      total 332288K, used 10375K [0x00000000e0000000, 0x00000000fb380000, 0x0000000100000000)
  eden space 309760K, 0% used [0x00000000e0000000,0x00000000e0000000,0x00000000f2e80000)
  from space 22528K, 46% used [0x00000000f2e80000,0x00000000f38a1df8,0x00000000f4480000)
  to   space 22016K, 0% used [0x00000000f9e00000,0x00000000f9e00000,0x00000000fb380000)
 ParOldGen       total 151552K, used 39195K [0x00000000a0000000, 0x00000000a9400000, 0x00000000e0000000)
  object space 151552K, 25% used [0x00000000a0000000,0x00000000a2646ed8,0x00000000a9400000)
 Metaspace       used 68235K, capacity 71330K, committed 71512K, reserved 1112064K
  class space    used 9155K, capacity 9808K, committed 9856K, reserved 1048576K
}

