# JRE version: OpenJDK Runtime Environment (8.0_152-b06) (build 1.8.0_152-release-1136-b06)
# Java VM: OpenJDK 64-Bit Server VM (25.152-b06 mixed mode windows-amd64 compressed oops)
Heap:
 PSYoungGen      total 296960K, used 59321K [0x00000000e0000000, 0x00000000f8500000, 0x0000000100000000)
  eden space 240640K, 10% used [0x00000000e0000000,0x00000000e18b8a78,0x00000000eeb00000)
  from space 56320K, 60% used [0x00000000eeb00000,0x00000000f0c35bf0,0x00000000f2200000)
  to   space 55808K, 0% used [0x00000000f4e80000,0x00000000f4e80000,0x00000000f8500000)
 ParOldGen       total 155136K, used 120947K [0x00000000a0000000, 0x00000000a9780000, 0x00000000e0000000)
  object space 155136K, 77% used [0x00000000a0000000,0x00000000a761cd38,0x00000000a9780000)
 Metaspace       used 90797K, capacity 95778K, committed 95960K, reserved 1132544K
  class space    used 11713K, capacity 12731K, committed 12800K, reserved 1048576K
GC Heap History (10 events):
Event: 211.801 GC heap before
{Heap before GC invocations=26 (full 3):
 PSYoungGen      total 249856K, used 233101K [0x00000000e0000000, 0x00000000f2680000, 0x0000000100000000)
  eden space 207360K, 100% used [0x00000000e0000000,0x00000000eca80000,0x00000000eca80000)
  from space 42496K, 60% used [0x00000000efd00000,0x00000000f16237c8,0x00000000f2680000)
  to   space 47104K, 0% used [0x00000000eca80000,0x00000000eca80000,0x00000000ef880000)
 ParOldGen       total 155136K, used 101843K [0x00000000a0000000, 0x00000000a9780000, 0x00000000e0000000)
  object space 155136K, 65% used [0x00000000a0000000,0x00000000a6374d80,0x00000000a9780000)
 Metaspace       used 84380K, capacity 88966K, committed 89176K, reserved 1126400K
  class space    used 11103K, capacity 12047K, committed 12160K, reserved 1048576K
Event: 211.838 GC heap after
Heap after GC invocations=26 (full 3):
 PSYoungGen      total 254464K, used 43106K [0x00000000e0000000, 0x00000000f4800000, 0x0000000100000000)
  eden space 207360K, 0% used [0x00000000e0000000,0x00000000e0000000,0x00000000eca80000)
  from space 47104K, 91% used [0x00000000eca80000,0x00000000ef498858,0x00000000ef880000)
  to   space 52224K, 0% used [0x00000000f1500000,0x00000000f1500000,0x00000000f4800000)
 ParOldGen       total 155136K, used 101851K [0x00000000a0000000, 0x00000000a9780000, 0x00000000e0000000)
  object space 155136K, 65% used [0x00000000a0000000,0x00000000a6376d80,0x00000000a9780000)
 Metaspace       used 84380K, capacity 88966K, committed 89176K, reserved 1126400K
  class space    used 11103K, capacity 12047K, committed 12160K, reserved 1048576K
}
Event: 220.487 GC heap before
{Heap before GC invocations=27 (full 3):
 PSYoungGen      total 254464K, used 250466K [0x00000000e0000000, 0x00000000f4800000, 0x0000000100000000)
  eden space 207360K, 100% used [0x00000000e0000000,0x00000000eca80000,0x00000000eca80000)
  from space 47104K, 91% used [0x00000000eca80000,0x00000000ef498858,0x00000000ef880000)
  to   space 52224K, 0% used [0x00000000f1500000,0x00000000f1500000,0x00000000f4800000)
 ParOldGen       total 155136K, used 101851K [0x00000000a0000000, 0x00000000a9780000, 0x00000000e0000000)
  object space 155136K, 65% used [0x00000000a0000000,0x00000000a6376d80,0x00000000a9780000)
 Metaspace       used 86624K, capacity 91552K, committed 91736K, reserved 1128448K
  class space    used 11324K, capacity 12346K, committed 12416K, reserved 1048576K
Event: 220.558 GC heap after
Heap after GC invocations=27 (full 3):
 PSYoungGen      total 274944K, used 52200K [0x00000000e0000000, 0x00000000f5780000, 0x0000000100000000)
  eden space 222720K, 0% used [0x00000000e0000000,0x00000000e0000000,0x00000000ed980000)
  from space 52224K, 99% used [0x00000000f1500000,0x00000000f47fa188,0x00000000f4800000)
  to   space 60928K, 0% used [0x00000000ed980000,0x00000000ed980000,0x00000000f1500000)
 ParOldGen       total 155136K, used 104473K [0x00000000a0000000, 0x00000000a9780000, 0x00000000e0000000)
  object space 155136K, 67% used [0x00000000a0000000,0x00000000a6606560,0x00000000a9780000)
 Metaspace       used 86624K, capacity 91552K, committed 91736K, reserved 1128448K
  class space    used 11324K, capacity 12346K, committed 12416K, reserved 1048576K
}
Event: 242.316 GC heap before
{Heap before GC invocations=28 (full 3):
 PSYoungGen      total 274944K, used 274920K [0x00000000e0000000, 0x00000000f5780000, 0x0000000100000000)
  eden space 222720K, 100% used [0x00000000e0000000,0x00000000ed980000,0x00000000ed980000)
  from space 52224K, 99% used [0x00000000f1500000,0x00000000f47fa188,0x00000000f4800000)
  to   space 60928K, 0% used [0x00000000ed980000,0x00000000ed980000,0x00000000f1500000)
 ParOldGen       total 155136K, used 104473K [0x00000000a0000000, 0x00000000a9780000, 0x00000000e0000000)
  object space 155136K, 67% used [0x00000000a0000000,0x00000000a6606560,0x00000000a9780000)
 Metaspace       used 90364K, capacity 95378K, committed 95704K, reserved 1132544K
  class space    used 11683K, capacity 12695K, committed 12800K, reserved 1048576K
Event: 242.351 GC heap after
Heap after GC invocations=28 (full 3):
 PSYoungGen      total 283648K, used 30028K [0x00000000e0000000, 0x00000000f5b80000, 0x0000000100000000)
  eden space 222720K, 0% used [0x00000000e0000000,0x00000000e0000000,0x00000000ed980000)
  from space 60928K, 49% used [0x00000000ed980000,0x00000000ef6d32a8,0x00000000f1500000)
  to   space 58880K, 0% used [0x00000000f2200000,0x00000000f2200000,0x00000000f5b80000)
 ParOldGen       total 155136K, used 119022K [0x00000000a0000000, 0x00000000a9780000, 0x00000000e0000000)
  object space 155136K, 76% used [0x00000000a0000000,0x00000000a743bb38,0x00000000a9780000)
 Metaspace       used 90364K, capacity 95378K, committed 95704K, reserved 1132544K
  class space    used 11683K, capacity 12695K, committed 12800K, reserved 1048576K
}
Event: 242.415 GC heap before
{Heap before GC invocations=29 (full 3):
 PSYoungGen      total 283648K, used 251864K [0x00000000e0000000, 0x00000000f5b80000, 0x0000000100000000)
  eden space 222720K, 99% used [0x00000000e0000000,0x00000000ed8a2d70,0x00000000ed980000)
  from space 60928K, 49% used [0x00000000ed980000,0x00000000ef6d32a8,0x00000000f1500000)
  to   space 58880K, 0% used [0x00000000f2200000,0x00000000f2200000,0x00000000f5b80000)
 ParOldGen       total 155136K, used 119022K [0x00000000a0000000, 0x00000000a9780000, 0x00000000e0000000)
  object space 155136K, 76% used [0x00000000a0000000,0x00000000a743bb38,0x00000000a9780000)
 Metaspace       used 90393K, capacity 95382K, committed 95704K, reserved 1132544K
  class space    used 11683K, capacity 12695K, committed 12800K, reserved 1048576K
Event: 242.433 GC heap after
Heap after GC invocations=29 (full 3):
 PSYoungGen      total 299520K, used 28022K [0x00000000e0000000, 0x00000000f7380000, 0x0000000100000000)
  eden space 240640K, 0% used [0x00000000e0000000,0x00000000e0000000,0x00000000eeb00000)
  from space 58880K, 47% used [0x00000000f2200000,0x00000000f3d5dab0,0x00000000f5b80000)
  to   space 56320K, 0% used [0x00000000eeb00000,0x00000000eeb00000,0x00000000f2200000)
 ParOldGen       total 155136K, used 119030K [0x00000000a0000000, 0x00000000a9780000, 0x00000000e0000000)
  object space 155136K, 76% used [0x00000000a0000000,0x00000000a743db38,0x00000000a9780000)
 Metaspace       used 90393K, capacity 95382K, committed 95704K, reserved 1132544K
  class space    used 11683K, capacity 12695K, committed 12800K, reserved 1048576K
}
Event: 244.149 GC heap before
{Heap before GC invocations=30 (full 3):
 PSYoungGen      total 299520K, used 268662K [0x00000000e0000000, 0x00000000f7380000, 0x0000000100000000)
  eden space 240640K, 100% used [0x00000000e0000000,0x00000000eeb00000,0x00000000eeb00000)
  from space 58880K, 47% used [0x00000000f2200000,0x00000000f3d5dab0,0x00000000f5b80000)
  to   space 56320K, 0% used [0x00000000eeb00000,0x00000000eeb00000,0x00000000f2200000)
 ParOldGen       total 155136K, used 119030K [0x00000000a0000000, 0x00000000a9780000, 0x00000000e0000000)
  object space 155136K, 76% used [0x00000000a0000000,0x00000000a743db38,0x00000000a9780000)
 Metaspace       used 90797K, capacity 95778K, committed 95960K, reserved 1132544K
  class space    used 11713K, capacity 12731K, committed 12800K, reserved 1048576K
Event: 244.192 GC heap after
Heap after GC invocations=30 (full 3):
 PSYoungGen      total 296960K, used 34006K [0x00000000e0000000, 0x00000000f8500000, 0x0000000100000000)
  eden space 240640K, 0% used [0x00000000e0000000,0x00000000e0000000,0x00000000eeb00000)
  from space 56320K, 60% used [0x00000000eeb00000,0x00000000f0c35bf0,0x00000000f2200000)
  to   space 55808K, 0% used [0x00000000f4e80000,0x00000000f4e80000,0x00000000f8500000)
 ParOldGen       total 155136K, used 120947K [0x00000000a0000000, 0x00000000a9780000, 0x00000000e0000000)
  object space 155136K, 77% used [0x00000000a0000000,0x00000000a761cd38,0x00000000a9780000)
 Metaspace       used 90797K, capacity 95778K, committed 95960K, reserved 1132544K
  class space    used 11713K, capacity 12731K, committed 12800K, reserved 1048576K
}

